<?xml version="1.0" encoding="UTF-8"?>
<testng-results total="40" passed="40" failed="0" skipped="0">
  <reporter-output>
  </reporter-output>
  <suite started-at="2024-06-24T15:40:45Z" name="Suite" finished-at="2024-06-24T15:40:45Z" duration-ms="165">
    <groups>
    </groups>
    <test started-at="2024-06-24T15:40:45Z" name="Test" finished-at="2024-06-24T15:40:45Z" duration-ms="165">
      <class name="Testng.ParallelTest">
        <test-method signature="test10()[pri:0, instance:Testng.ParallelTest@4716be8b]" started-at="2024-06-24T21:10:45Z" name="test10" finished-at="2024-06-24T21:10:45Z" duration-ms="25" status="PASS">
          <reporter-output>
          </reporter-output>
        </test-method> <!-- test10 -->
        <test-method signature="test12()[pri:0, instance:Testng.ParallelTest@4716be8b]" started-at="2024-06-24T21:10:45Z" name="test12" finished-at="2024-06-24T21:10:45Z" duration-ms="25" status="PASS">
          <reporter-output>
          </reporter-output>
        </test-method> <!-- test12 -->
        <test-method signature="test11()[pri:0, instance:Testng.ParallelTest@4716be8b]" started-at="2024-06-24T21:10:45Z" name="test11" finished-at="2024-06-24T21:10:45Z" duration-ms="26" status="PASS">
          <reporter-output>
          </reporter-output>
        </test-method> <!-- test11 -->
        <test-method signature="test1()[pri:0, instance:Testng.ParallelTest@4716be8b]" started-at="2024-06-24T21:10:45Z" name="test1" finished-at="2024-06-24T21:10:45Z" duration-ms="25" status="PASS">
          <reporter-output>
          </reporter-output>
        </test-method> <!-- test1 -->
        <test-method signature="test13()[pri:0, instance:Testng.ParallelTest@4716be8b]" started-at="2024-06-24T21:10:45Z" name="test13" finished-at="2024-06-24T21:10:45Z" duration-ms="9" status="PASS">
          <reporter-output>
          </reporter-output>
        </test-method> <!-- test13 -->
        <test-method signature="test14()[pri:0, instance:Testng.ParallelTest@4716be8b]" started-at="2024-06-24T21:10:45Z" name="test14" finished-at="2024-06-24T21:10:45Z" duration-ms="6" status="PASS">
          <reporter-output>
          </reporter-output>
        </test-method> <!-- test14 -->
        <test-method signature="test15()[pri:0, instance:Testng.ParallelTest@4716be8b]" started-at="2024-06-24T21:10:45Z" name="test15" finished-at="2024-06-24T21:10:45Z" duration-ms="3" status="PASS">
          <reporter-output>
          </reporter-output>
        </test-method> <!-- test15 -->
        <test-method signature="test16()[pri:0, instance:Testng.ParallelTest@4716be8b]" started-at="2024-06-24T21:10:45Z" name="test16" finished-at="2024-06-24T21:10:45Z" duration-ms="10" status="PASS">
          <reporter-output>
          </reporter-output>
        </test-method> <!-- test16 -->
        <test-method signature="test17()[pri:0, instance:Testng.ParallelTest@4716be8b]" started-at="2024-06-24T21:10:45Z" name="test17" finished-at="2024-06-24T21:10:45Z" duration-ms="8" status="PASS">
          <reporter-output>
          </reporter-output>
        </test-method> <!-- test17 -->
        <test-method signature="test18()[pri:0, instance:Testng.ParallelTest@4716be8b]" started-at="2024-06-24T21:10:45Z" name="test18" finished-at="2024-06-24T21:10:45Z" duration-ms="3" status="PASS">
          <reporter-output>
          </reporter-output>
        </test-method> <!-- test18 -->
        <test-method signature="test19()[pri:0, instance:Testng.ParallelTest@4716be8b]" started-at="2024-06-24T21:10:45Z" name="test19" finished-at="2024-06-24T21:10:45Z" duration-ms="8" status="PASS">
          <reporter-output>
          </reporter-output>
        </test-method> <!-- test19 -->
        <test-method signature="test2()[pri:0, instance:Testng.ParallelTest@4716be8b]" started-at="2024-06-24T21:10:45Z" name="test2" finished-at="2024-06-24T21:10:45Z" duration-ms="4" status="PASS">
          <reporter-output>
          </reporter-output>
        </test-method> <!-- test2 -->
        <test-method signature="test20()[pri:0, instance:Testng.ParallelTest@4716be8b]" started-at="2024-06-24T21:10:45Z" name="test20" finished-at="2024-06-24T21:10:45Z" duration-ms="3" status="PASS">
          <reporter-output>
          </reporter-output>
        </test-method> <!-- test20 -->
        <test-method signature="test21()[pri:0, instance:Testng.ParallelTest@4716be8b]" started-at="2024-06-24T21:10:45Z" name="test21" finished-at="2024-06-24T21:10:45Z" duration-ms="8" status="PASS">
          <reporter-output>
          </reporter-output>
        </test-method> <!-- test21 -->
        <test-method signature="test22()[pri:0, instance:Testng.ParallelTest@4716be8b]" started-at="2024-06-24T21:10:45Z" name="test22" finished-at="2024-06-24T21:10:45Z" duration-ms="5" status="PASS">
          <reporter-output>
          </reporter-output>
        </test-method> <!-- test22 -->
        <test-method signature="test23()[pri:0, instance:Testng.ParallelTest@4716be8b]" started-at="2024-06-24T21:10:45Z" name="test23" finished-at="2024-06-24T21:10:45Z" duration-ms="2" status="PASS">
          <reporter-output>
          </reporter-output>
        </test-method> <!-- test23 -->
        <test-method signature="test24()[pri:0, instance:Testng.ParallelTest@4716be8b]" started-at="2024-06-24T21:10:45Z" name="test24" finished-at="2024-06-24T21:10:45Z" duration-ms="10" status="PASS">
          <reporter-output>
          </reporter-output>
        </test-method> <!-- test24 -->
        <test-method signature="test25()[pri:0, instance:Testng.ParallelTest@4716be8b]" started-at="2024-06-24T21:10:45Z" name="test25" finished-at="2024-06-24T21:10:45Z" duration-ms="8" status="PASS">
          <reporter-output>
          </reporter-output>
        </test-method> <!-- test25 -->
        <test-method signature="test26()[pri:0, instance:Testng.ParallelTest@4716be8b]" started-at="2024-06-24T21:10:45Z" name="test26" finished-at="2024-06-24T21:10:45Z" duration-ms="3" status="PASS">
          <reporter-output>
          </reporter-output>
        </test-method> <!-- test26 -->
        <test-method signature="test27()[pri:0, instance:Testng.ParallelTest@4716be8b]" started-at="2024-06-24T21:10:45Z" name="test27" finished-at="2024-06-24T21:10:45Z" duration-ms="9" status="PASS">
          <reporter-output>
          </reporter-output>
        </test-method> <!-- test27 -->
        <test-method signature="test28()[pri:0, instance:Testng.ParallelTest@4716be8b]" started-at="2024-06-24T21:10:45Z" name="test28" finished-at="2024-06-24T21:10:45Z" duration-ms="6" status="PASS">
          <reporter-output>
          </reporter-output>
        </test-method> <!-- test28 -->
        <test-method signature="test29()[pri:0, instance:Testng.ParallelTest@4716be8b]" started-at="2024-06-24T21:10:45Z" name="test29" finished-at="2024-06-24T21:10:45Z" duration-ms="5" status="PASS">
          <reporter-output>
          </reporter-output>
        </test-method> <!-- test29 -->
        <test-method signature="test3()[pri:0, instance:Testng.ParallelTest@4716be8b]" started-at="2024-06-24T21:10:45Z" name="test3" finished-at="2024-06-24T21:10:45Z" duration-ms="5" status="PASS">
          <reporter-output>
          </reporter-output>
        </test-method> <!-- test3 -->
        <test-method signature="test30()[pri:0, instance:Testng.ParallelTest@4716be8b]" started-at="2024-06-24T21:10:45Z" name="test30" finished-at="2024-06-24T21:10:45Z" duration-ms="6" status="PASS">
          <reporter-output>
          </reporter-output>
        </test-method> <!-- test30 -->
        <test-method signature="test31()[pri:0, instance:Testng.ParallelTest@4716be8b]" started-at="2024-06-24T21:10:45Z" name="test31" finished-at="2024-06-24T21:10:45Z" duration-ms="4" status="PASS">
          <reporter-output>
          </reporter-output>
        </test-method> <!-- test31 -->
        <test-method signature="test32()[pri:0, instance:Testng.ParallelTest@4716be8b]" started-at="2024-06-24T21:10:45Z" name="test32" finished-at="2024-06-24T21:10:45Z" duration-ms="9" status="PASS">
          <reporter-output>
          </reporter-output>
        </test-method> <!-- test32 -->
        <test-method signature="test33()[pri:0, instance:Testng.ParallelTest@4716be8b]" started-at="2024-06-24T21:10:45Z" name="test33" finished-at="2024-06-24T21:10:45Z" duration-ms="5" status="PASS">
          <reporter-output>
          </reporter-output>
        </test-method> <!-- test33 -->
        <test-method signature="test34()[pri:0, instance:Testng.ParallelTest@4716be8b]" started-at="2024-06-24T21:10:45Z" name="test34" finished-at="2024-06-24T21:10:45Z" duration-ms="6" status="PASS">
          <reporter-output>
          </reporter-output>
        </test-method> <!-- test34 -->
        <test-method signature="test35()[pri:0, instance:Testng.ParallelTest@4716be8b]" started-at="2024-06-24T21:10:45Z" name="test35" finished-at="2024-06-24T21:10:45Z" duration-ms="4" status="PASS">
          <reporter-output>
          </reporter-output>
        </test-method> <!-- test35 -->
        <test-method signature="test36()[pri:0, instance:Testng.ParallelTest@4716be8b]" started-at="2024-06-24T21:10:45Z" name="test36" finished-at="2024-06-24T21:10:45Z" duration-ms="7" status="PASS">
          <reporter-output>
          </reporter-output>
        </test-method> <!-- test36 -->
        <test-method signature="test37()[pri:0, instance:Testng.ParallelTest@4716be8b]" started-at="2024-06-24T21:10:45Z" name="test37" finished-at="2024-06-24T21:10:45Z" duration-ms="5" status="PASS">
          <reporter-output>
          </reporter-output>
        </test-method> <!-- test37 -->
        <test-method signature="test38()[pri:0, instance:Testng.ParallelTest@4716be8b]" started-at="2024-06-24T21:10:45Z" name="test38" finished-at="2024-06-24T21:10:45Z" duration-ms="7" status="PASS">
          <reporter-output>
          </reporter-output>
        </test-method> <!-- test38 -->
        <test-method signature="test39()[pri:0, instance:Testng.ParallelTest@4716be8b]" started-at="2024-06-24T21:10:45Z" name="test39" finished-at="2024-06-24T21:10:45Z" duration-ms="4" status="PASS">
          <reporter-output>
          </reporter-output>
        </test-method> <!-- test39 -->
        <test-method signature="test4()[pri:0, instance:Testng.ParallelTest@4716be8b]" started-at="2024-06-24T21:10:45Z" name="test4" finished-at="2024-06-24T21:10:45Z" duration-ms="5" status="PASS">
          <reporter-output>
          </reporter-output>
        </test-method> <!-- test4 -->
        <test-method signature="test40()[pri:0, instance:Testng.ParallelTest@4716be8b]" started-at="2024-06-24T21:10:45Z" name="test40" finished-at="2024-06-24T21:10:45Z" duration-ms="5" status="PASS">
          <reporter-output>
          </reporter-output>
        </test-method> <!-- test40 -->
        <test-method signature="test5()[pri:0, instance:Testng.ParallelTest@4716be8b]" started-at="2024-06-24T21:10:45Z" name="test5" finished-at="2024-06-24T21:10:45Z" duration-ms="7" status="PASS">
          <reporter-output>
          </reporter-output>
        </test-method> <!-- test5 -->
        <test-method signature="test6()[pri:0, instance:Testng.ParallelTest@4716be8b]" started-at="2024-06-24T21:10:45Z" name="test6" finished-at="2024-06-24T21:10:45Z" duration-ms="5" status="PASS">
          <reporter-output>
          </reporter-output>
        </test-method> <!-- test6 -->
        <test-method signature="test7()[pri:0, instance:Testng.ParallelTest@4716be8b]" started-at="2024-06-24T21:10:45Z" name="test7" finished-at="2024-06-24T21:10:45Z" duration-ms="6" status="PASS">
          <reporter-output>
          </reporter-output>
        </test-method> <!-- test7 -->
        <test-method signature="test8()[pri:0, instance:Testng.ParallelTest@4716be8b]" started-at="2024-06-24T21:10:45Z" name="test8" finished-at="2024-06-24T21:10:45Z" duration-ms="4" status="PASS">
          <reporter-output>
          </reporter-output>
        </test-method> <!-- test8 -->
        <test-method signature="test9()[pri:0, instance:Testng.ParallelTest@4716be8b]" started-at="2024-06-24T21:10:45Z" name="test9" finished-at="2024-06-24T21:10:45Z" duration-ms="5" status="PASS">
          <reporter-output>
          </reporter-output>
        </test-method> <!-- test9 -->
      </class> <!-- Testng.ParallelTest -->
    </test> <!-- Test -->
  </suite> <!-- Suite -->
</testng-results>
